Vivado Simulator 2019.2
Time resolution is 1 ps
 Block Memory Generator module loading initial data...
 Block Memory Generator data initialization complete.
Block Memory Generator module MIPS_tb.mini_mips.my_Memory.inst.native_mem_module.blk_mem_gen_v8_4_4_inst is using a behavioral model for simulation which will not precisely model memory collision behavior.
Stopped at time : 0 fs : File "/home/miguelan/Escritorio/MiniMIPS/miniMIPS/miniMIPS.srcs/sources_1/new/MIPS.vhd" Line 177
blk_mem_gen_v8_4_4 collision detected at time: 1515000, Instance: MIPS_tb.mini_mips.my_Memory.inst.native_mem_module.blk_mem_gen_v8_4_4_inst, A write address: f9, B read address: f9
blk_mem_gen_v8_4_4 collision detected at time: 7015000, Instance: MIPS_tb.mini_mips.my_Memory.inst.native_mem_module.blk_mem_gen_v8_4_4_inst, A write address: f9, B read address: f9
blk_mem_gen_v8_4_4 collision detected at time: 8455000, Instance: MIPS_tb.mini_mips.my_Memory.inst.native_mem_module.blk_mem_gen_v8_4_4_inst, A write address: f9, B read address: f9
blk_mem_gen_v8_4_4 collision detected at time: 16975000, Instance: MIPS_tb.mini_mips.my_Memory.inst.native_mem_module.blk_mem_gen_v8_4_4_inst, A write address: f9, B read address: f9
blk_mem_gen_v8_4_4 collision detected at time: 18415000, Instance: MIPS_tb.mini_mips.my_Memory.inst.native_mem_module.blk_mem_gen_v8_4_4_inst, A write address: f9, B read address: f9
blk_mem_gen_v8_4_4 collision detected at time: 25605000, Instance: MIPS_tb.mini_mips.my_Memory.inst.native_mem_module.blk_mem_gen_v8_4_4_inst, A write address: f9, B read address: f9
blk_mem_gen_v8_4_4 collision detected at time: 27045000, Instance: MIPS_tb.mini_mips.my_Memory.inst.native_mem_module.blk_mem_gen_v8_4_4_inst, A write address: f9, B read address: f9
blk_mem_gen_v8_4_4 collision detected at time: 32905000, Instance: MIPS_tb.mini_mips.my_Memory.inst.native_mem_module.blk_mem_gen_v8_4_4_inst, A write address: f9, B read address: f9
blk_mem_gen_v8_4_4 collision detected at time: 34345000, Instance: MIPS_tb.mini_mips.my_Memory.inst.native_mem_module.blk_mem_gen_v8_4_4_inst, A write address: f9, B read address: f9
blk_mem_gen_v8_4_4 collision detected at time: 38875000, Instance: MIPS_tb.mini_mips.my_Memory.inst.native_mem_module.blk_mem_gen_v8_4_4_inst, A write address: f9, B read address: f9
blk_mem_gen_v8_4_4 collision detected at time: 40315000, Instance: MIPS_tb.mini_mips.my_Memory.inst.native_mem_module.blk_mem_gen_v8_4_4_inst, A write address: f9, B read address: f9
blk_mem_gen_v8_4_4 collision detected at time: 43515000, Instance: MIPS_tb.mini_mips.my_Memory.inst.native_mem_module.blk_mem_gen_v8_4_4_inst, A write address: f9, B read address: f9
blk_mem_gen_v8_4_4 collision detected at time: 44955000, Instance: MIPS_tb.mini_mips.my_Memory.inst.native_mem_module.blk_mem_gen_v8_4_4_inst, A write address: f9, B read address: f9
blk_mem_gen_v8_4_4 collision detected at time: 46825000, Instance: MIPS_tb.mini_mips.my_Memory.inst.native_mem_module.blk_mem_gen_v8_4_4_inst, A write address: f9, B read address: f9
blk_mem_gen_v8_4_4 collision detected at time: 52485000, Instance: MIPS_tb.mini_mips.my_Memory.inst.native_mem_module.blk_mem_gen_v8_4_4_inst, A write address: f9, B read address: f9
blk_mem_gen_v8_4_4 collision detected at time: 57985000, Instance: MIPS_tb.mini_mips.my_Memory.inst.native_mem_module.blk_mem_gen_v8_4_4_inst, A write address: f9, B read address: f9
blk_mem_gen_v8_4_4 collision detected at time: 59425000, Instance: MIPS_tb.mini_mips.my_Memory.inst.native_mem_module.blk_mem_gen_v8_4_4_inst, A write address: f9, B read address: f9
blk_mem_gen_v8_4_4 collision detected at time: 67945000, Instance: MIPS_tb.mini_mips.my_Memory.inst.native_mem_module.blk_mem_gen_v8_4_4_inst, A write address: f9, B read address: f9
blk_mem_gen_v8_4_4 collision detected at time: 69385000, Instance: MIPS_tb.mini_mips.my_Memory.inst.native_mem_module.blk_mem_gen_v8_4_4_inst, A write address: f9, B read address: f9
blk_mem_gen_v8_4_4 collision detected at time: 76575000, Instance: MIPS_tb.mini_mips.my_Memory.inst.native_mem_module.blk_mem_gen_v8_4_4_inst, A write address: f9, B read address: f9
blk_mem_gen_v8_4_4 collision detected at time: 78015000, Instance: MIPS_tb.mini_mips.my_Memory.inst.native_mem_module.blk_mem_gen_v8_4_4_inst, A write address: f9, B read address: f9
blk_mem_gen_v8_4_4 collision detected at time: 83875000, Instance: MIPS_tb.mini_mips.my_Memory.inst.native_mem_module.blk_mem_gen_v8_4_4_inst, A write address: f9, B read address: f9
blk_mem_gen_v8_4_4 collision detected at time: 85315000, Instance: MIPS_tb.mini_mips.my_Memory.inst.native_mem_module.blk_mem_gen_v8_4_4_inst, A write address: f9, B read address: f9
blk_mem_gen_v8_4_4 collision detected at time: 89845000, Instance: MIPS_tb.mini_mips.my_Memory.inst.native_mem_module.blk_mem_gen_v8_4_4_inst, A write address: f9, B read address: f9
blk_mem_gen_v8_4_4 collision detected at time: 91285000, Instance: MIPS_tb.mini_mips.my_Memory.inst.native_mem_module.blk_mem_gen_v8_4_4_inst, A write address: f9, B read address: f9
blk_mem_gen_v8_4_4 collision detected at time: 94485000, Instance: MIPS_tb.mini_mips.my_Memory.inst.native_mem_module.blk_mem_gen_v8_4_4_inst, A write address: f9, B read address: f9
blk_mem_gen_v8_4_4 collision detected at time: 95925000, Instance: MIPS_tb.mini_mips.my_Memory.inst.native_mem_module.blk_mem_gen_v8_4_4_inst, A write address: f9, B read address: f9
blk_mem_gen_v8_4_4 collision detected at time: 97795000, Instance: MIPS_tb.mini_mips.my_Memory.inst.native_mem_module.blk_mem_gen_v8_4_4_inst, A write address: f9, B read address: f9
blk_mem_gen_v8_4_4 collision detected at time: 103455000, Instance: MIPS_tb.mini_mips.my_Memory.inst.native_mem_module.blk_mem_gen_v8_4_4_inst, A write address: f9, B read address: f9
blk_mem_gen_v8_4_4 collision detected at time: 108955000, Instance: MIPS_tb.mini_mips.my_Memory.inst.native_mem_module.blk_mem_gen_v8_4_4_inst, A write address: f9, B read address: f9
blk_mem_gen_v8_4_4 collision detected at time: 110395000, Instance: MIPS_tb.mini_mips.my_Memory.inst.native_mem_module.blk_mem_gen_v8_4_4_inst, A write address: f9, B read address: f9
blk_mem_gen_v8_4_4 collision detected at time: 118915000, Instance: MIPS_tb.mini_mips.my_Memory.inst.native_mem_module.blk_mem_gen_v8_4_4_inst, A write address: f9, B read address: f9
blk_mem_gen_v8_4_4 collision detected at time: 120355000, Instance: MIPS_tb.mini_mips.my_Memory.inst.native_mem_module.blk_mem_gen_v8_4_4_inst, A write address: f9, B read address: f9
blk_mem_gen_v8_4_4 collision detected at time: 127545000, Instance: MIPS_tb.mini_mips.my_Memory.inst.native_mem_module.blk_mem_gen_v8_4_4_inst, A write address: f9, B read address: f9
blk_mem_gen_v8_4_4 collision detected at time: 128985000, Instance: MIPS_tb.mini_mips.my_Memory.inst.native_mem_module.blk_mem_gen_v8_4_4_inst, A write address: f9, B read address: f9
blk_mem_gen_v8_4_4 collision detected at time: 134845000, Instance: MIPS_tb.mini_mips.my_Memory.inst.native_mem_module.blk_mem_gen_v8_4_4_inst, A write address: f9, B read address: f9
blk_mem_gen_v8_4_4 collision detected at time: 136285000, Instance: MIPS_tb.mini_mips.my_Memory.inst.native_mem_module.blk_mem_gen_v8_4_4_inst, A write address: f9, B read address: f9
blk_mem_gen_v8_4_4 collision detected at time: 140815000, Instance: MIPS_tb.mini_mips.my_Memory.inst.native_mem_module.blk_mem_gen_v8_4_4_inst, A write address: f9, B read address: f9
blk_mem_gen_v8_4_4 collision detected at time: 142255000, Instance: MIPS_tb.mini_mips.my_Memory.inst.native_mem_module.blk_mem_gen_v8_4_4_inst, A write address: f9, B read address: f9
blk_mem_gen_v8_4_4 collision detected at time: 145455000, Instance: MIPS_tb.mini_mips.my_Memory.inst.native_mem_module.blk_mem_gen_v8_4_4_inst, A write address: f9, B read address: f9
blk_mem_gen_v8_4_4 collision detected at time: 146895000, Instance: MIPS_tb.mini_mips.my_Memory.inst.native_mem_module.blk_mem_gen_v8_4_4_inst, A write address: f9, B read address: f9
blk_mem_gen_v8_4_4 collision detected at time: 148765000, Instance: MIPS_tb.mini_mips.my_Memory.inst.native_mem_module.blk_mem_gen_v8_4_4_inst, A write address: f9, B read address: f9
blk_mem_gen_v8_4_4 collision detected at time: 154425000, Instance: MIPS_tb.mini_mips.my_Memory.inst.native_mem_module.blk_mem_gen_v8_4_4_inst, A write address: f9, B read address: f9
blk_mem_gen_v8_4_4 collision detected at time: 159925000, Instance: MIPS_tb.mini_mips.my_Memory.inst.native_mem_module.blk_mem_gen_v8_4_4_inst, A write address: f9, B read address: f9
blk_mem_gen_v8_4_4 collision detected at time: 161365000, Instance: MIPS_tb.mini_mips.my_Memory.inst.native_mem_module.blk_mem_gen_v8_4_4_inst, A write address: f9, B read address: f9
blk_mem_gen_v8_4_4 collision detected at time: 169885000, Instance: MIPS_tb.mini_mips.my_Memory.inst.native_mem_module.blk_mem_gen_v8_4_4_inst, A write address: f9, B read address: f9
blk_mem_gen_v8_4_4 collision detected at time: 171325000, Instance: MIPS_tb.mini_mips.my_Memory.inst.native_mem_module.blk_mem_gen_v8_4_4_inst, A write address: f9, B read address: f9
blk_mem_gen_v8_4_4 collision detected at time: 178515000, Instance: MIPS_tb.mini_mips.my_Memory.inst.native_mem_module.blk_mem_gen_v8_4_4_inst, A write address: f9, B read address: f9
blk_mem_gen_v8_4_4 collision detected at time: 179955000, Instance: MIPS_tb.mini_mips.my_Memory.inst.native_mem_module.blk_mem_gen_v8_4_4_inst, A write address: f9, B read address: f9
blk_mem_gen_v8_4_4 collision detected at time: 185815000, Instance: MIPS_tb.mini_mips.my_Memory.inst.native_mem_module.blk_mem_gen_v8_4_4_inst, A write address: f9, B read address: f9
blk_mem_gen_v8_4_4 collision detected at time: 187255000, Instance: MIPS_tb.mini_mips.my_Memory.inst.native_mem_module.blk_mem_gen_v8_4_4_inst, A write address: f9, B read address: f9
blk_mem_gen_v8_4_4 collision detected at time: 191785000, Instance: MIPS_tb.mini_mips.my_Memory.inst.native_mem_module.blk_mem_gen_v8_4_4_inst, A write address: f9, B read address: f9
blk_mem_gen_v8_4_4 collision detected at time: 193225000, Instance: MIPS_tb.mini_mips.my_Memory.inst.native_mem_module.blk_mem_gen_v8_4_4_inst, A write address: f9, B read address: f9
blk_mem_gen_v8_4_4 collision detected at time: 196425000, Instance: MIPS_tb.mini_mips.my_Memory.inst.native_mem_module.blk_mem_gen_v8_4_4_inst, A write address: f9, B read address: f9
blk_mem_gen_v8_4_4 collision detected at time: 197865000, Instance: MIPS_tb.mini_mips.my_Memory.inst.native_mem_module.blk_mem_gen_v8_4_4_inst, A write address: f9, B read address: f9
blk_mem_gen_v8_4_4 collision detected at time: 199735000, Instance: MIPS_tb.mini_mips.my_Memory.inst.native_mem_module.blk_mem_gen_v8_4_4_inst, A write address: f9, B read address: f9
blk_mem_gen_v8_4_4 collision detected at time: 205395000, Instance: MIPS_tb.mini_mips.my_Memory.inst.native_mem_module.blk_mem_gen_v8_4_4_inst, A write address: f9, B read address: f9
blk_mem_gen_v8_4_4 collision detected at time: 210895000, Instance: MIPS_tb.mini_mips.my_Memory.inst.native_mem_module.blk_mem_gen_v8_4_4_inst, A write address: f9, B read address: f9
blk_mem_gen_v8_4_4 collision detected at time: 212335000, Instance: MIPS_tb.mini_mips.my_Memory.inst.native_mem_module.blk_mem_gen_v8_4_4_inst, A write address: f9, B read address: f9
blk_mem_gen_v8_4_4 collision detected at time: 220855000, Instance: MIPS_tb.mini_mips.my_Memory.inst.native_mem_module.blk_mem_gen_v8_4_4_inst, A write address: f9, B read address: f9
blk_mem_gen_v8_4_4 collision detected at time: 222295000, Instance: MIPS_tb.mini_mips.my_Memory.inst.native_mem_module.blk_mem_gen_v8_4_4_inst, A write address: f9, B read address: f9
blk_mem_gen_v8_4_4 collision detected at time: 229485000, Instance: MIPS_tb.mini_mips.my_Memory.inst.native_mem_module.blk_mem_gen_v8_4_4_inst, A write address: f9, B read address: f9
blk_mem_gen_v8_4_4 collision detected at time: 230925000, Instance: MIPS_tb.mini_mips.my_Memory.inst.native_mem_module.blk_mem_gen_v8_4_4_inst, A write address: f9, B read address: f9
blk_mem_gen_v8_4_4 collision detected at time: 236785000, Instance: MIPS_tb.mini_mips.my_Memory.inst.native_mem_module.blk_mem_gen_v8_4_4_inst, A write address: f9, B read address: f9
blk_mem_gen_v8_4_4 collision detected at time: 238225000, Instance: MIPS_tb.mini_mips.my_Memory.inst.native_mem_module.blk_mem_gen_v8_4_4_inst, A write address: f9, B read address: f9
blk_mem_gen_v8_4_4 collision detected at time: 242755000, Instance: MIPS_tb.mini_mips.my_Memory.inst.native_mem_module.blk_mem_gen_v8_4_4_inst, A write address: f9, B read address: f9
blk_mem_gen_v8_4_4 collision detected at time: 244195000, Instance: MIPS_tb.mini_mips.my_Memory.inst.native_mem_module.blk_mem_gen_v8_4_4_inst, A write address: f9, B read address: f9
blk_mem_gen_v8_4_4 collision detected at time: 247395000, Instance: MIPS_tb.mini_mips.my_Memory.inst.native_mem_module.blk_mem_gen_v8_4_4_inst, A write address: f9, B read address: f9
blk_mem_gen_v8_4_4 collision detected at time: 248835000, Instance: MIPS_tb.mini_mips.my_Memory.inst.native_mem_module.blk_mem_gen_v8_4_4_inst, A write address: f9, B read address: f9
blk_mem_gen_v8_4_4 collision detected at time: 250705000, Instance: MIPS_tb.mini_mips.my_Memory.inst.native_mem_module.blk_mem_gen_v8_4_4_inst, A write address: f9, B read address: f9
blk_mem_gen_v8_4_4 collision detected at time: 256365000, Instance: MIPS_tb.mini_mips.my_Memory.inst.native_mem_module.blk_mem_gen_v8_4_4_inst, A write address: f9, B read address: f9
blk_mem_gen_v8_4_4 collision detected at time: 261865000, Instance: MIPS_tb.mini_mips.my_Memory.inst.native_mem_module.blk_mem_gen_v8_4_4_inst, A write address: f9, B read address: f9
blk_mem_gen_v8_4_4 collision detected at time: 263305000, Instance: MIPS_tb.mini_mips.my_Memory.inst.native_mem_module.blk_mem_gen_v8_4_4_inst, A write address: f9, B read address: f9
blk_mem_gen_v8_4_4 collision detected at time: 271825000, Instance: MIPS_tb.mini_mips.my_Memory.inst.native_mem_module.blk_mem_gen_v8_4_4_inst, A write address: f9, B read address: f9
blk_mem_gen_v8_4_4 collision detected at time: 273265000, Instance: MIPS_tb.mini_mips.my_Memory.inst.native_mem_module.blk_mem_gen_v8_4_4_inst, A write address: f9, B read address: f9
blk_mem_gen_v8_4_4 collision detected at time: 280455000, Instance: MIPS_tb.mini_mips.my_Memory.inst.native_mem_module.blk_mem_gen_v8_4_4_inst, A write address: f9, B read address: f9
blk_mem_gen_v8_4_4 collision detected at time: 281895000, Instance: MIPS_tb.mini_mips.my_Memory.inst.native_mem_module.blk_mem_gen_v8_4_4_inst, A write address: f9, B read address: f9
blk_mem_gen_v8_4_4 collision detected at time: 287755000, Instance: MIPS_tb.mini_mips.my_Memory.inst.native_mem_module.blk_mem_gen_v8_4_4_inst, A write address: f9, B read address: f9
blk_mem_gen_v8_4_4 collision detected at time: 289195000, Instance: MIPS_tb.mini_mips.my_Memory.inst.native_mem_module.blk_mem_gen_v8_4_4_inst, A write address: f9, B read address: f9
blk_mem_gen_v8_4_4 collision detected at time: 293725000, Instance: MIPS_tb.mini_mips.my_Memory.inst.native_mem_module.blk_mem_gen_v8_4_4_inst, A write address: f9, B read address: f9
blk_mem_gen_v8_4_4 collision detected at time: 295165000, Instance: MIPS_tb.mini_mips.my_Memory.inst.native_mem_module.blk_mem_gen_v8_4_4_inst, A write address: f9, B read address: f9
blk_mem_gen_v8_4_4 collision detected at time: 298365000, Instance: MIPS_tb.mini_mips.my_Memory.inst.native_mem_module.blk_mem_gen_v8_4_4_inst, A write address: f9, B read address: f9
blk_mem_gen_v8_4_4 collision detected at time: 299805000, Instance: MIPS_tb.mini_mips.my_Memory.inst.native_mem_module.blk_mem_gen_v8_4_4_inst, A write address: f9, B read address: f9
blk_mem_gen_v8_4_4 collision detected at time: 301675000, Instance: MIPS_tb.mini_mips.my_Memory.inst.native_mem_module.blk_mem_gen_v8_4_4_inst, A write address: f9, B read address: f9
blk_mem_gen_v8_4_4 collision detected at time: 307335000, Instance: MIPS_tb.mini_mips.my_Memory.inst.native_mem_module.blk_mem_gen_v8_4_4_inst, A write address: f9, B read address: f9
blk_mem_gen_v8_4_4 collision detected at time: 312835000, Instance: MIPS_tb.mini_mips.my_Memory.inst.native_mem_module.blk_mem_gen_v8_4_4_inst, A write address: f9, B read address: f9
blk_mem_gen_v8_4_4 collision detected at time: 314275000, Instance: MIPS_tb.mini_mips.my_Memory.inst.native_mem_module.blk_mem_gen_v8_4_4_inst, A write address: f9, B read address: f9
blk_mem_gen_v8_4_4 collision detected at time: 322795000, Instance: MIPS_tb.mini_mips.my_Memory.inst.native_mem_module.blk_mem_gen_v8_4_4_inst, A write address: f9, B read address: f9
blk_mem_gen_v8_4_4 collision detected at time: 324235000, Instance: MIPS_tb.mini_mips.my_Memory.inst.native_mem_module.blk_mem_gen_v8_4_4_inst, A write address: f9, B read address: f9
blk_mem_gen_v8_4_4 collision detected at time: 331425000, Instance: MIPS_tb.mini_mips.my_Memory.inst.native_mem_module.blk_mem_gen_v8_4_4_inst, A write address: f9, B read address: f9
blk_mem_gen_v8_4_4 collision detected at time: 332865000, Instance: MIPS_tb.mini_mips.my_Memory.inst.native_mem_module.blk_mem_gen_v8_4_4_inst, A write address: f9, B read address: f9
blk_mem_gen_v8_4_4 collision detected at time: 338725000, Instance: MIPS_tb.mini_mips.my_Memory.inst.native_mem_module.blk_mem_gen_v8_4_4_inst, A write address: f9, B read address: f9
blk_mem_gen_v8_4_4 collision detected at time: 340165000, Instance: MIPS_tb.mini_mips.my_Memory.inst.native_mem_module.blk_mem_gen_v8_4_4_inst, A write address: f9, B read address: f9
blk_mem_gen_v8_4_4 collision detected at time: 344695000, Instance: MIPS_tb.mini_mips.my_Memory.inst.native_mem_module.blk_mem_gen_v8_4_4_inst, A write address: f9, B read address: f9
blk_mem_gen_v8_4_4 collision detected at time: 346135000, Instance: MIPS_tb.mini_mips.my_Memory.inst.native_mem_module.blk_mem_gen_v8_4_4_inst, A write address: f9, B read address: f9
blk_mem_gen_v8_4_4 collision detected at time: 349335000, Instance: MIPS_tb.mini_mips.my_Memory.inst.native_mem_module.blk_mem_gen_v8_4_4_inst, A write address: f9, B read address: f9
blk_mem_gen_v8_4_4 collision detected at time: 350775000, Instance: MIPS_tb.mini_mips.my_Memory.inst.native_mem_module.blk_mem_gen_v8_4_4_inst, A write address: f9, B read address: f9
blk_mem_gen_v8_4_4 collision detected at time: 352645000, Instance: MIPS_tb.mini_mips.my_Memory.inst.native_mem_module.blk_mem_gen_v8_4_4_inst, A write address: f9, B read address: f9
blk_mem_gen_v8_4_4 collision detected at time: 358305000, Instance: MIPS_tb.mini_mips.my_Memory.inst.native_mem_module.blk_mem_gen_v8_4_4_inst, A write address: f9, B read address: f9
blk_mem_gen_v8_4_4 collision detected at time: 363805000, Instance: MIPS_tb.mini_mips.my_Memory.inst.native_mem_module.blk_mem_gen_v8_4_4_inst, A write address: f9, B read address: f9
blk_mem_gen_v8_4_4 collision detected at time: 365245000, Instance: MIPS_tb.mini_mips.my_Memory.inst.native_mem_module.blk_mem_gen_v8_4_4_inst, A write address: f9, B read address: f9
blk_mem_gen_v8_4_4 collision detected at time: 373765000, Instance: MIPS_tb.mini_mips.my_Memory.inst.native_mem_module.blk_mem_gen_v8_4_4_inst, A write address: f9, B read address: f9
blk_mem_gen_v8_4_4 collision detected at time: 375205000, Instance: MIPS_tb.mini_mips.my_Memory.inst.native_mem_module.blk_mem_gen_v8_4_4_inst, A write address: f9, B read address: f9
blk_mem_gen_v8_4_4 collision detected at time: 382395000, Instance: MIPS_tb.mini_mips.my_Memory.inst.native_mem_module.blk_mem_gen_v8_4_4_inst, A write address: f9, B read address: f9
blk_mem_gen_v8_4_4 collision detected at time: 383835000, Instance: MIPS_tb.mini_mips.my_Memory.inst.native_mem_module.blk_mem_gen_v8_4_4_inst, A write address: f9, B read address: f9
blk_mem_gen_v8_4_4 collision detected at time: 389695000, Instance: MIPS_tb.mini_mips.my_Memory.inst.native_mem_module.blk_mem_gen_v8_4_4_inst, A write address: f9, B read address: f9
blk_mem_gen_v8_4_4 collision detected at time: 391135000, Instance: MIPS_tb.mini_mips.my_Memory.inst.native_mem_module.blk_mem_gen_v8_4_4_inst, A write address: f9, B read address: f9
blk_mem_gen_v8_4_4 collision detected at time: 395665000, Instance: MIPS_tb.mini_mips.my_Memory.inst.native_mem_module.blk_mem_gen_v8_4_4_inst, A write address: f9, B read address: f9
blk_mem_gen_v8_4_4 collision detected at time: 397105000, Instance: MIPS_tb.mini_mips.my_Memory.inst.native_mem_module.blk_mem_gen_v8_4_4_inst, A write address: f9, B read address: f9
blk_mem_gen_v8_4_4 collision detected at time: 400305000, Instance: MIPS_tb.mini_mips.my_Memory.inst.native_mem_module.blk_mem_gen_v8_4_4_inst, A write address: f9, B read address: f9
blk_mem_gen_v8_4_4 collision detected at time: 401745000, Instance: MIPS_tb.mini_mips.my_Memory.inst.native_mem_module.blk_mem_gen_v8_4_4_inst, A write address: f9, B read address: f9
blk_mem_gen_v8_4_4 collision detected at time: 403615000, Instance: MIPS_tb.mini_mips.my_Memory.inst.native_mem_module.blk_mem_gen_v8_4_4_inst, A write address: f9, B read address: f9
blk_mem_gen_v8_4_4 collision detected at time: 409275000, Instance: MIPS_tb.mini_mips.my_Memory.inst.native_mem_module.blk_mem_gen_v8_4_4_inst, A write address: f9, B read address: f9
blk_mem_gen_v8_4_4 collision detected at time: 414775000, Instance: MIPS_tb.mini_mips.my_Memory.inst.native_mem_module.blk_mem_gen_v8_4_4_inst, A write address: f9, B read address: f9
blk_mem_gen_v8_4_4 collision detected at time: 416215000, Instance: MIPS_tb.mini_mips.my_Memory.inst.native_mem_module.blk_mem_gen_v8_4_4_inst, A write address: f9, B read address: f9
blk_mem_gen_v8_4_4 collision detected at time: 424735000, Instance: MIPS_tb.mini_mips.my_Memory.inst.native_mem_module.blk_mem_gen_v8_4_4_inst, A write address: f9, B read address: f9
blk_mem_gen_v8_4_4 collision detected at time: 426175000, Instance: MIPS_tb.mini_mips.my_Memory.inst.native_mem_module.blk_mem_gen_v8_4_4_inst, A write address: f9, B read address: f9
blk_mem_gen_v8_4_4 collision detected at time: 433365000, Instance: MIPS_tb.mini_mips.my_Memory.inst.native_mem_module.blk_mem_gen_v8_4_4_inst, A write address: f9, B read address: f9
blk_mem_gen_v8_4_4 collision detected at time: 434805000, Instance: MIPS_tb.mini_mips.my_Memory.inst.native_mem_module.blk_mem_gen_v8_4_4_inst, A write address: f9, B read address: f9
blk_mem_gen_v8_4_4 collision detected at time: 440665000, Instance: MIPS_tb.mini_mips.my_Memory.inst.native_mem_module.blk_mem_gen_v8_4_4_inst, A write address: f9, B read address: f9
blk_mem_gen_v8_4_4 collision detected at time: 442105000, Instance: MIPS_tb.mini_mips.my_Memory.inst.native_mem_module.blk_mem_gen_v8_4_4_inst, A write address: f9, B read address: f9
blk_mem_gen_v8_4_4 collision detected at time: 446635000, Instance: MIPS_tb.mini_mips.my_Memory.inst.native_mem_module.blk_mem_gen_v8_4_4_inst, A write address: f9, B read address: f9
blk_mem_gen_v8_4_4 collision detected at time: 448075000, Instance: MIPS_tb.mini_mips.my_Memory.inst.native_mem_module.blk_mem_gen_v8_4_4_inst, A write address: f9, B read address: f9
blk_mem_gen_v8_4_4 collision detected at time: 451275000, Instance: MIPS_tb.mini_mips.my_Memory.inst.native_mem_module.blk_mem_gen_v8_4_4_inst, A write address: f9, B read address: f9
blk_mem_gen_v8_4_4 collision detected at time: 452715000, Instance: MIPS_tb.mini_mips.my_Memory.inst.native_mem_module.blk_mem_gen_v8_4_4_inst, A write address: f9, B read address: f9
blk_mem_gen_v8_4_4 collision detected at time: 454585000, Instance: MIPS_tb.mini_mips.my_Memory.inst.native_mem_module.blk_mem_gen_v8_4_4_inst, A write address: f9, B read address: f9
blk_mem_gen_v8_4_4 collision detected at time: 460245000, Instance: MIPS_tb.mini_mips.my_Memory.inst.native_mem_module.blk_mem_gen_v8_4_4_inst, A write address: f9, B read address: f9
blk_mem_gen_v8_4_4 collision detected at time: 465745000, Instance: MIPS_tb.mini_mips.my_Memory.inst.native_mem_module.blk_mem_gen_v8_4_4_inst, A write address: f9, B read address: f9
blk_mem_gen_v8_4_4 collision detected at time: 467185000, Instance: MIPS_tb.mini_mips.my_Memory.inst.native_mem_module.blk_mem_gen_v8_4_4_inst, A write address: f9, B read address: f9
blk_mem_gen_v8_4_4 collision detected at time: 475705000, Instance: MIPS_tb.mini_mips.my_Memory.inst.native_mem_module.blk_mem_gen_v8_4_4_inst, A write address: f9, B read address: f9
blk_mem_gen_v8_4_4 collision detected at time: 477145000, Instance: MIPS_tb.mini_mips.my_Memory.inst.native_mem_module.blk_mem_gen_v8_4_4_inst, A write address: f9, B read address: f9
blk_mem_gen_v8_4_4 collision detected at time: 484335000, Instance: MIPS_tb.mini_mips.my_Memory.inst.native_mem_module.blk_mem_gen_v8_4_4_inst, A write address: f9, B read address: f9
blk_mem_gen_v8_4_4 collision detected at time: 485775000, Instance: MIPS_tb.mini_mips.my_Memory.inst.native_mem_module.blk_mem_gen_v8_4_4_inst, A write address: f9, B read address: f9
blk_mem_gen_v8_4_4 collision detected at time: 491635000, Instance: MIPS_tb.mini_mips.my_Memory.inst.native_mem_module.blk_mem_gen_v8_4_4_inst, A write address: f9, B read address: f9
blk_mem_gen_v8_4_4 collision detected at time: 493075000, Instance: MIPS_tb.mini_mips.my_Memory.inst.native_mem_module.blk_mem_gen_v8_4_4_inst, A write address: f9, B read address: f9
blk_mem_gen_v8_4_4 collision detected at time: 497605000, Instance: MIPS_tb.mini_mips.my_Memory.inst.native_mem_module.blk_mem_gen_v8_4_4_inst, A write address: f9, B read address: f9
blk_mem_gen_v8_4_4 collision detected at time: 499045000, Instance: MIPS_tb.mini_mips.my_Memory.inst.native_mem_module.blk_mem_gen_v8_4_4_inst, A write address: f9, B read address: f9
blk_mem_gen_v8_4_4 collision detected at time: 502245000, Instance: MIPS_tb.mini_mips.my_Memory.inst.native_mem_module.blk_mem_gen_v8_4_4_inst, A write address: f9, B read address: f9
blk_mem_gen_v8_4_4 collision detected at time: 503685000, Instance: MIPS_tb.mini_mips.my_Memory.inst.native_mem_module.blk_mem_gen_v8_4_4_inst, A write address: f9, B read address: f9
blk_mem_gen_v8_4_4 collision detected at time: 505555000, Instance: MIPS_tb.mini_mips.my_Memory.inst.native_mem_module.blk_mem_gen_v8_4_4_inst, A write address: f9, B read address: f9
blk_mem_gen_v8_4_4 collision detected at time: 511215000, Instance: MIPS_tb.mini_mips.my_Memory.inst.native_mem_module.blk_mem_gen_v8_4_4_inst, A write address: f9, B read address: f9
blk_mem_gen_v8_4_4 collision detected at time: 516715000, Instance: MIPS_tb.mini_mips.my_Memory.inst.native_mem_module.blk_mem_gen_v8_4_4_inst, A write address: f9, B read address: f9
blk_mem_gen_v8_4_4 collision detected at time: 518155000, Instance: MIPS_tb.mini_mips.my_Memory.inst.native_mem_module.blk_mem_gen_v8_4_4_inst, A write address: f9, B read address: f9
blk_mem_gen_v8_4_4 collision detected at time: 526675000, Instance: MIPS_tb.mini_mips.my_Memory.inst.native_mem_module.blk_mem_gen_v8_4_4_inst, A write address: f9, B read address: f9
blk_mem_gen_v8_4_4 collision detected at time: 528115000, Instance: MIPS_tb.mini_mips.my_Memory.inst.native_mem_module.blk_mem_gen_v8_4_4_inst, A write address: f9, B read address: f9
blk_mem_gen_v8_4_4 collision detected at time: 535305000, Instance: MIPS_tb.mini_mips.my_Memory.inst.native_mem_module.blk_mem_gen_v8_4_4_inst, A write address: f9, B read address: f9
blk_mem_gen_v8_4_4 collision detected at time: 536745000, Instance: MIPS_tb.mini_mips.my_Memory.inst.native_mem_module.blk_mem_gen_v8_4_4_inst, A write address: f9, B read address: f9
blk_mem_gen_v8_4_4 collision detected at time: 542605000, Instance: MIPS_tb.mini_mips.my_Memory.inst.native_mem_module.blk_mem_gen_v8_4_4_inst, A write address: f9, B read address: f9
blk_mem_gen_v8_4_4 collision detected at time: 544045000, Instance: MIPS_tb.mini_mips.my_Memory.inst.native_mem_module.blk_mem_gen_v8_4_4_inst, A write address: f9, B read address: f9
blk_mem_gen_v8_4_4 collision detected at time: 548575000, Instance: MIPS_tb.mini_mips.my_Memory.inst.native_mem_module.blk_mem_gen_v8_4_4_inst, A write address: f9, B read address: f9
blk_mem_gen_v8_4_4 collision detected at time: 550015000, Instance: MIPS_tb.mini_mips.my_Memory.inst.native_mem_module.blk_mem_gen_v8_4_4_inst, A write address: f9, B read address: f9
blk_mem_gen_v8_4_4 collision detected at time: 553215000, Instance: MIPS_tb.mini_mips.my_Memory.inst.native_mem_module.blk_mem_gen_v8_4_4_inst, A write address: f9, B read address: f9
blk_mem_gen_v8_4_4 collision detected at time: 554655000, Instance: MIPS_tb.mini_mips.my_Memory.inst.native_mem_module.blk_mem_gen_v8_4_4_inst, A write address: f9, B read address: f9
blk_mem_gen_v8_4_4 collision detected at time: 556525000, Instance: MIPS_tb.mini_mips.my_Memory.inst.native_mem_module.blk_mem_gen_v8_4_4_inst, A write address: f9, B read address: f9
blk_mem_gen_v8_4_4 collision detected at time: 562185000, Instance: MIPS_tb.mini_mips.my_Memory.inst.native_mem_module.blk_mem_gen_v8_4_4_inst, A write address: f9, B read address: f9
blk_mem_gen_v8_4_4 collision detected at time: 567685000, Instance: MIPS_tb.mini_mips.my_Memory.inst.native_mem_module.blk_mem_gen_v8_4_4_inst, A write address: f9, B read address: f9
blk_mem_gen_v8_4_4 collision detected at time: 569125000, Instance: MIPS_tb.mini_mips.my_Memory.inst.native_mem_module.blk_mem_gen_v8_4_4_inst, A write address: f9, B read address: f9
blk_mem_gen_v8_4_4 collision detected at time: 577645000, Instance: MIPS_tb.mini_mips.my_Memory.inst.native_mem_module.blk_mem_gen_v8_4_4_inst, A write address: f9, B read address: f9
blk_mem_gen_v8_4_4 collision detected at time: 579085000, Instance: MIPS_tb.mini_mips.my_Memory.inst.native_mem_module.blk_mem_gen_v8_4_4_inst, A write address: f9, B read address: f9
blk_mem_gen_v8_4_4 collision detected at time: 586275000, Instance: MIPS_tb.mini_mips.my_Memory.inst.native_mem_module.blk_mem_gen_v8_4_4_inst, A write address: f9, B read address: f9
blk_mem_gen_v8_4_4 collision detected at time: 587715000, Instance: MIPS_tb.mini_mips.my_Memory.inst.native_mem_module.blk_mem_gen_v8_4_4_inst, A write address: f9, B read address: f9
blk_mem_gen_v8_4_4 collision detected at time: 593575000, Instance: MIPS_tb.mini_mips.my_Memory.inst.native_mem_module.blk_mem_gen_v8_4_4_inst, A write address: f9, B read address: f9
blk_mem_gen_v8_4_4 collision detected at time: 595015000, Instance: MIPS_tb.mini_mips.my_Memory.inst.native_mem_module.blk_mem_gen_v8_4_4_inst, A write address: f9, B read address: f9
blk_mem_gen_v8_4_4 collision detected at time: 599545000, Instance: MIPS_tb.mini_mips.my_Memory.inst.native_mem_module.blk_mem_gen_v8_4_4_inst, A write address: f9, B read address: f9
blk_mem_gen_v8_4_4 collision detected at time: 600985000, Instance: MIPS_tb.mini_mips.my_Memory.inst.native_mem_module.blk_mem_gen_v8_4_4_inst, A write address: f9, B read address: f9
blk_mem_gen_v8_4_4 collision detected at time: 604185000, Instance: MIPS_tb.mini_mips.my_Memory.inst.native_mem_module.blk_mem_gen_v8_4_4_inst, A write address: f9, B read address: f9
blk_mem_gen_v8_4_4 collision detected at time: 605625000, Instance: MIPS_tb.mini_mips.my_Memory.inst.native_mem_module.blk_mem_gen_v8_4_4_inst, A write address: f9, B read address: f9
blk_mem_gen_v8_4_4 collision detected at time: 607495000, Instance: MIPS_tb.mini_mips.my_Memory.inst.native_mem_module.blk_mem_gen_v8_4_4_inst, A write address: f9, B read address: f9
blk_mem_gen_v8_4_4 collision detected at time: 613155000, Instance: MIPS_tb.mini_mips.my_Memory.inst.native_mem_module.blk_mem_gen_v8_4_4_inst, A write address: f9, B read address: f9
blk_mem_gen_v8_4_4 collision detected at time: 618655000, Instance: MIPS_tb.mini_mips.my_Memory.inst.native_mem_module.blk_mem_gen_v8_4_4_inst, A write address: f9, B read address: f9
blk_mem_gen_v8_4_4 collision detected at time: 620095000, Instance: MIPS_tb.mini_mips.my_Memory.inst.native_mem_module.blk_mem_gen_v8_4_4_inst, A write address: f9, B read address: f9
blk_mem_gen_v8_4_4 collision detected at time: 628615000, Instance: MIPS_tb.mini_mips.my_Memory.inst.native_mem_module.blk_mem_gen_v8_4_4_inst, A write address: f9, B read address: f9
blk_mem_gen_v8_4_4 collision detected at time: 630055000, Instance: MIPS_tb.mini_mips.my_Memory.inst.native_mem_module.blk_mem_gen_v8_4_4_inst, A write address: f9, B read address: f9
blk_mem_gen_v8_4_4 collision detected at time: 637245000, Instance: MIPS_tb.mini_mips.my_Memory.inst.native_mem_module.blk_mem_gen_v8_4_4_inst, A write address: f9, B read address: f9
blk_mem_gen_v8_4_4 collision detected at time: 638685000, Instance: MIPS_tb.mini_mips.my_Memory.inst.native_mem_module.blk_mem_gen_v8_4_4_inst, A write address: f9, B read address: f9
blk_mem_gen_v8_4_4 collision detected at time: 644545000, Instance: MIPS_tb.mini_mips.my_Memory.inst.native_mem_module.blk_mem_gen_v8_4_4_inst, A write address: f9, B read address: f9
blk_mem_gen_v8_4_4 collision detected at time: 645985000, Instance: MIPS_tb.mini_mips.my_Memory.inst.native_mem_module.blk_mem_gen_v8_4_4_inst, A write address: f9, B read address: f9
